<?xml version="1.0" encoding="UTF-8"?>
<testsuite xmlns:xsi="http://www.w3.org/2001/XMLSchema-instance" xsi:noNamespaceSchemaLocation="https://maven.apache.org/surefire/maven-surefire-plugin/xsd/surefire-test-report.xsd" name="com.sunlight.invest.fund.monitor.service.FundCrawlerServiceTest" time="1.424" tests="2" errors="0" skipped="0" failures="0">
  <properties>
[...]
</properties>
  <testcase name="testParseHtml" classname="com.sunlight.invest.fund.monitor.service.FundCrawlerServiceTest" time="1.418"/>
  <testcase name="testParseHtmlWithoutGrowthRate" classname="com.sunlight.invest.fund.monitor.service.FundCrawlerServiceTest" time="0.003"/>
</testsuite>